<?xml version="1.0" encoding="UTF-8"?>
<!-- Generated by org.testng.reporters.JUnitXMLReporter -->
<testsuite ignored="0" hostname="DESKTOP-E3GEJ0V" failures="0" tests="3" name="ChromeTest" time="35.738" errors="0" timestamp="2021-06-30T16:52:45 IST">
  <testcase classname="actitime.com.pom.crossbrowser.Actitime_TestClass" name="test1" time="3.653"/>
  <testcase classname="actitime.com.pom.crossbrowser.Actitime_TestClass" name="test2" time="3.345"/>
  <testcase classname="actitime.com.pom.crossbrowser.Actitime_TestClass" name="test3" time="3.34"/>
</testsuite> <!-- ChromeTest -->
