<?xml version="1.0" encoding="UTF-8"?>
<!-- Generated by org.testng.reporters.JUnitXMLReporter -->
<testsuite ignored="0" hostname="DESKTOP-E3GEJ0V" failures="0" tests="3" name="Default test" time="36.324" errors="0" timestamp="2021-06-16T23:41:05 IST">
  <testcase classname="actitime.com.test.classes.Actitime_TestClass" name="test1" time="3.597"/>
  <testcase classname="actitime.com.test.classes.Actitime_TestClass" name="test2" time="3.433"/>
  <testcase classname="actitime.com.test.classes.Actitime_TestClass" name="test3" time="3.207"/>
</testsuite> <!-- Default test -->
